{"/home/runner/work/ale-track-app/ale-track-app/src/hooks/use-local-storage.ts": {"path":"/home/runner/work/ale-track-app/ale-track-app/src/hooks/use-local-storage.ts","statementMap":{"0":{"start":{"line":11,"column":37},"end":{"line":19,"column":null}},"1":{"start":{"line":12,"column":4},"end":{"line":18,"column":null}},"2":{"start":{"line":13,"column":19},"end":{"line":13,"column":null}},"3":{"start":{"line":14,"column":6},"end":{"line":14,"column":null}},"4":{"start":{"line":16,"column":6},"end":{"line":16,"column":null}},"5":{"start":{"line":17,"column":6},"end":{"line":17,"column":null}},"6":{"start":{"line":22,"column":8},"end":{"line":37,"column":null}},"7":{"start":{"line":24,"column":6},"end":{"line":35,"column":null}},"8":{"start":{"line":26,"column":29},"end":{"line":26,"column":null}},"9":{"start":{"line":29,"column":8},"end":{"line":29,"column":null}},"10":{"start":{"line":32,"column":8},"end":{"line":32,"column":null}},"11":{"start":{"line":34,"column":8},"end":{"line":34,"column":null}},"12":{"start":{"line":40,"column":2},"end":{"line":40,"column":null}}},"fnMap":{"0":{"name":"useLocalStorage","decl":{"start":{"line":6,"column":16},"end":{"line":6,"column":null}},"loc":{"start":{"line":8,"column":17},"end":{"line":41,"column":null}},"line":8},"1":{"name":"(anonymous_1)","decl":{"start":{"line":11,"column":52},"end":{"line":11,"column":null}},"loc":{"start":{"line":11,"column":52},"end":{"line":19,"column":null}},"line":11},"2":{"name":"(anonymous_2)","decl":{"start":{"line":23,"column":4},"end":{"line":23,"column":5}},"loc":{"start":{"line":23,"column":5},"end":{"line":36,"column":null}},"line":23}},"branchMap":{"0":{"loc":{"start":{"line":14,"column":13},"end":{"line":14,"column":null}},"type":"cond-expr","locations":[{"start":{"line":14,"column":20},"end":{"line":14,"column":39}},{"start":{"line":14,"column":39},"end":{"line":14,"column":null}}],"line":14},"1":{"loc":{"start":{"line":26,"column":29},"end":{"line":26,"column":null}},"type":"cond-expr","locations":[{"start":{"line":26,"column":57},"end":{"line":26,"column":78}},{"start":{"line":26,"column":78},"end":{"line":26,"column":null}}],"line":26}},"s":{"0":22,"1":14,"2":14,"3":14,"4":1,"5":1,"6":22,"7":8,"8":8,"9":8,"10":8,"11":1,"12":22},"f":{"0":22,"1":14,"2":8},"b":{"0":[6,8],"1":[1,7]},"meta":{"lastBranch":2,"lastFunction":3,"lastStatement":13,"seen":{"f:6:16:6:Infinity":0,"s:11:37:19:Infinity":0,"f:11:52:11:Infinity":1,"s:12:4:18:Infinity":1,"s:13:19:13:Infinity":2,"s:14:6:14:Infinity":3,"b:14:20:14:39:14:39:14:Infinity":0,"s:16:6:16:Infinity":4,"s:17:6:17:Infinity":5,"s:22:8:37:Infinity":6,"f:23:4:23:5":2,"s:24:6:35:Infinity":7,"s:26:29:26:Infinity":8,"b:26:57:26:78:26:78:26:Infinity":1,"s:29:8:29:Infinity":9,"s:32:8:32:Infinity":10,"s:34:8:34:Infinity":11,"s:40:2:40:Infinity":12}}}
,"/home/runner/work/ale-track-app/ale-track-app/src/utils/format-enum-value.ts": {"path":"/home/runner/work/ale-track-app/ale-track-app/src/utils/format-enum-value.ts","statementMap":{"0":{"start":{"line":2,"column":4},"end":{"line":2,"column":null}},"1":{"start":{"line":2,"column":23},"end":{"line":2,"column":null}},"2":{"start":{"line":3,"column":4},"end":{"line":3,"column":null}},"3":{"start":{"line":3,"column":35},"end":{"line":3,"column":null}},"4":{"start":{"line":4,"column":4},"end":{"line":4,"column":null}},"5":{"start":{"line":4,"column":67},"end":{"line":4,"column":null}},"6":{"start":{"line":5,"column":16},"end":{"line":5,"column":null}},"7":{"start":{"line":6,"column":4},"end":{"line":6,"column":null}},"8":{"start":{"line":6,"column":51},"end":{"line":6,"column":null}},"9":{"start":{"line":7,"column":4},"end":{"line":7,"column":null}},"10":{"start":{"line":11,"column":4},"end":{"line":11,"column":null}},"11":{"start":{"line":11,"column":16},"end":{"line":11,"column":null}},"12":{"start":{"line":12,"column":4},"end":{"line":14,"column":null}},"13":{"start":{"line":13,"column":8},"end":{"line":13,"column":null}},"14":{"start":{"line":15,"column":4},"end":{"line":15,"column":null}}},"fnMap":{"0":{"name":"mapEnumValue","decl":{"start":{"line":1,"column":16},"end":{"line":1,"column":32}},"loc":{"start":{"line":1,"column":56},"end":{"line":8,"column":null}},"line":1},"1":{"name":"mapEnumFromString","decl":{"start":{"line":10,"column":16},"end":{"line":10,"column":37}},"loc":{"start":{"line":10,"column":64},"end":{"line":16,"column":null}},"line":10}},"branchMap":{"0":{"loc":{"start":{"line":2,"column":4},"end":{"line":2,"column":null}},"type":"if","locations":[{"start":{"line":2,"column":4},"end":{"line":2,"column":null}},{"start":{},"end":{}}],"line":2},"1":{"loc":{"start":{"line":3,"column":4},"end":{"line":3,"column":null}},"type":"if","locations":[{"start":{"line":3,"column":4},"end":{"line":3,"column":null}},{"start":{},"end":{}}],"line":3},"2":{"loc":{"start":{"line":4,"column":4},"end":{"line":4,"column":null}},"type":"if","locations":[{"start":{"line":4,"column":4},"end":{"line":4,"column":null}},{"start":{},"end":{}}],"line":4},"3":{"loc":{"start":{"line":4,"column":8},"end":{"line":4,"column":67}},"type":"binary-expr","locations":[{"start":{"line":4,"column":8},"end":{"line":4,"column":37}},{"start":{"line":4,"column":37},"end":{"line":4,"column":67}}],"line":4},"4":{"loc":{"start":{"line":6,"column":4},"end":{"line":6,"column":null}},"type":"if","locations":[{"start":{"line":6,"column":4},"end":{"line":6,"column":null}},{"start":{},"end":{}}],"line":6},"5":{"loc":{"start":{"line":6,"column":8},"end":{"line":6,"column":51}},"type":"binary-expr","locations":[{"start":{"line":6,"column":8},"end":{"line":6,"column":23}},{"start":{"line":6,"column":23},"end":{"line":6,"column":51}}],"line":6},"6":{"loc":{"start":{"line":11,"column":4},"end":{"line":11,"column":null}},"type":"if","locations":[{"start":{"line":11,"column":4},"end":{"line":11,"column":null}},{"start":{},"end":{}}],"line":11},"7":{"loc":{"start":{"line":12,"column":4},"end":{"line":14,"column":null}},"type":"if","locations":[{"start":{"line":12,"column":4},"end":{"line":14,"column":null}},{"start":{},"end":{}}],"line":12}},"s":{"0":13,"1":2,"2":11,"3":4,"4":7,"5":6,"6":1,"7":1,"8":0,"9":1,"10":6,"11":1,"12":5,"13":4,"14":1},"f":{"0":13,"1":6},"b":{"0":[2,11],"1":[4,7],"2":[6,1],"3":[7,7],"4":[0,1],"5":[1,0],"6":[1,5],"7":[4,1]},"meta":{"lastBranch":8,"lastFunction":2,"lastStatement":15,"seen":{"f:1:16:1:32":0,"b:2:4:2:Infinity:undefined:undefined:undefined:undefined":0,"s:2:4:2:Infinity":0,"s:2:23:2:Infinity":1,"b:3:4:3:Infinity:undefined:undefined:undefined:undefined":1,"s:3:4:3:Infinity":2,"s:3:35:3:Infinity":3,"b:4:4:4:Infinity:undefined:undefined:undefined:undefined":2,"s:4:4:4:Infinity":4,"b:4:8:4:37:4:37:4:67":3,"s:4:67:4:Infinity":5,"s:5:16:5:Infinity":6,"b:6:4:6:Infinity:undefined:undefined:undefined:undefined":4,"s:6:4:6:Infinity":7,"b:6:8:6:23:6:23:6:51":5,"s:6:51:6:Infinity":8,"s:7:4:7:Infinity":9,"f:10:16:10:37":1,"b:11:4:11:Infinity:undefined:undefined:undefined:undefined":6,"s:11:4:11:Infinity":10,"s:11:16:11:Infinity":11,"b:12:4:14:Infinity:undefined:undefined:undefined:undefined":7,"s:12:4:14:Infinity":12,"s:13:8:13:Infinity":13,"s:15:4:15:Infinity":14}}}
,"/home/runner/work/ale-track-app/ale-track-app/src/utils/format-number.ts": {"path":"/home/runner/work/ale-track-app/ale-track-app/src/utils/format-number.ts","statementMap":{"0":{"start":{"line":10,"column":23},"end":{"line":10,"column":null}},"1":{"start":{"line":13,"column":2},"end":{"line":13,"column":null}},"2":{"start":{"line":13,"column":54},"end":{"line":13,"column":null}},"3":{"start":{"line":14,"column":2},"end":{"line":14,"column":null}},"4":{"start":{"line":20,"column":17},"end":{"line":20,"column":null}},"5":{"start":{"line":22,"column":17},"end":{"line":22,"column":null}},"6":{"start":{"line":23,"column":2},"end":{"line":23,"column":null}},"7":{"start":{"line":23,"column":23},"end":{"line":23,"column":null}},"8":{"start":{"line":25,"column":13},"end":{"line":29,"column":null}},"9":{"start":{"line":31,"column":2},"end":{"line":31,"column":null}},"10":{"start":{"line":37,"column":17},"end":{"line":37,"column":null}},"11":{"start":{"line":39,"column":17},"end":{"line":39,"column":null}},"12":{"start":{"line":40,"column":2},"end":{"line":40,"column":null}},"13":{"start":{"line":40,"column":23},"end":{"line":40,"column":null}},"14":{"start":{"line":42,"column":13},"end":{"line":48,"column":null}},"15":{"start":{"line":50,"column":2},"end":{"line":50,"column":null}},"16":{"start":{"line":56,"column":17},"end":{"line":56,"column":null}},"17":{"start":{"line":58,"column":17},"end":{"line":58,"column":null}},"18":{"start":{"line":59,"column":2},"end":{"line":59,"column":null}},"19":{"start":{"line":59,"column":23},"end":{"line":59,"column":null}},"20":{"start":{"line":61,"column":13},"end":{"line":66,"column":null}},"21":{"start":{"line":68,"column":2},"end":{"line":68,"column":null}},"22":{"start":{"line":74,"column":17},"end":{"line":74,"column":null}},"23":{"start":{"line":76,"column":17},"end":{"line":76,"column":null}},"24":{"start":{"line":77,"column":2},"end":{"line":77,"column":null}},"25":{"start":{"line":77,"column":23},"end":{"line":77,"column":null}},"26":{"start":{"line":79,"column":13},"end":{"line":83,"column":null}},"27":{"start":{"line":85,"column":2},"end":{"line":85,"column":null}},"28":{"start":{"line":85,"column":41},"end":{"line":85,"column":null}}},"fnMap":{"0":{"name":"processInput","decl":{"start":{"line":12,"column":9},"end":{"line":12,"column":22}},"loc":{"start":{"line":12,"column":50},"end":{"line":15,"column":null}},"line":12},"1":{"name":"fNumber","decl":{"start":{"line":19,"column":16},"end":{"line":19,"column":24}},"loc":{"start":{"line":19,"column":71},"end":{"line":32,"column":null}},"line":19},"2":{"name":"fCurrency","decl":{"start":{"line":36,"column":16},"end":{"line":36,"column":26}},"loc":{"start":{"line":36,"column":73},"end":{"line":51,"column":null}},"line":36},"3":{"name":"fPercent","decl":{"start":{"line":55,"column":16},"end":{"line":55,"column":25}},"loc":{"start":{"line":55,"column":72},"end":{"line":69,"column":null}},"line":55},"4":{"name":"fShortenNumber","decl":{"start":{"line":73,"column":16},"end":{"line":73,"column":31}},"loc":{"start":{"line":73,"column":78},"end":{"line":86,"column":null}},"line":73},"5":{"name":"(anonymous_5)","decl":{"start":{"line":85,"column":30},"end":{"line":85,"column":31}},"loc":{"start":{"line":85,"column":41},"end":{"line":85,"column":null}},"line":85}},"branchMap":{"0":{"loc":{"start":{"line":13,"column":2},"end":{"line":13,"column":null}},"type":"if","locations":[{"start":{"line":13,"column":2},"end":{"line":13,"column":null}},{"start":{},"end":{}}],"line":13},"1":{"loc":{"start":{"line":13,"column":6},"end":{"line":13,"column":54}},"type":"binary-expr","locations":[{"start":{"line":13,"column":6},"end":{"line":13,"column":28}},{"start":{"line":13,"column":28},"end":{"line":13,"column":54}}],"line":13},"2":{"loc":{"start":{"line":23,"column":2},"end":{"line":23,"column":null}},"type":"if","locations":[{"start":{"line":23,"column":2},"end":{"line":23,"column":null}},{"start":{},"end":{}}],"line":23},"3":{"loc":{"start":{"line":40,"column":2},"end":{"line":40,"column":null}},"type":"if","locations":[{"start":{"line":40,"column":2},"end":{"line":40,"column":null}},{"start":{},"end":{}}],"line":40},"4":{"loc":{"start":{"line":59,"column":2},"end":{"line":59,"column":null}},"type":"if","locations":[{"start":{"line":59,"column":2},"end":{"line":59,"column":null}},{"start":{},"end":{}}],"line":59},"5":{"loc":{"start":{"line":77,"column":2},"end":{"line":77,"column":null}},"type":"if","locations":[{"start":{"line":77,"column":2},"end":{"line":77,"column":null}},{"start":{},"end":{}}],"line":77}},"s":{"0":1,"1":38,"2":9,"3":29,"4":8,"5":8,"6":8,"7":3,"8":5,"9":5,"10":7,"11":7,"12":7,"13":2,"14":5,"15":5,"16":9,"17":9,"18":9,"19":2,"20":7,"21":7,"22":14,"23":14,"24":14,"25":2,"26":12,"27":12,"28":9},"f":{"0":38,"1":8,"2":7,"3":9,"4":14,"5":9},"b":{"0":[9,29],"1":[38,30],"2":[3,5],"3":[2,5],"4":[2,7],"5":[2,12]},"meta":{"lastBranch":6,"lastFunction":6,"lastStatement":29,"seen":{"s:10:23:10:Infinity":0,"f:12:9:12:22":0,"b:13:2:13:Infinity:undefined:undefined:undefined:undefined":0,"s:13:2:13:Infinity":1,"b:13:6:13:28:13:28:13:54":1,"s:13:54:13:Infinity":2,"s:14:2:14:Infinity":3,"f:19:16:19:24":1,"s:20:17:20:Infinity":4,"s:22:17:22:Infinity":5,"b:23:2:23:Infinity:undefined:undefined:undefined:undefined":2,"s:23:2:23:Infinity":6,"s:23:23:23:Infinity":7,"s:25:13:29:Infinity":8,"s:31:2:31:Infinity":9,"f:36:16:36:26":2,"s:37:17:37:Infinity":10,"s:39:17:39:Infinity":11,"b:40:2:40:Infinity:undefined:undefined:undefined:undefined":3,"s:40:2:40:Infinity":12,"s:40:23:40:Infinity":13,"s:42:13:48:Infinity":14,"s:50:2:50:Infinity":15,"f:55:16:55:25":3,"s:56:17:56:Infinity":16,"s:58:17:58:Infinity":17,"b:59:2:59:Infinity:undefined:undefined:undefined:undefined":4,"s:59:2:59:Infinity":18,"s:59:23:59:Infinity":19,"s:61:13:66:Infinity":20,"s:68:2:68:Infinity":21,"f:73:16:73:31":4,"s:74:17:74:Infinity":22,"s:76:17:76:Infinity":23,"b:77:2:77:Infinity:undefined:undefined:undefined:undefined":5,"s:77:2:77:Infinity":24,"s:77:23:77:Infinity":25,"s:79:13:83:Infinity":26,"s:85:2:85:Infinity":27,"f:85:30:85:31":5,"s:85:41:85:Infinity":28}}}
,"/home/runner/work/ale-track-app/ale-track-app/src/utils/format-time.ts": {"path":"/home/runner/work/ale-track-app/ale-track-app/src/utils/format-time.ts","statementMap":{"0":{"start":{"line":31,"column":0},"end":{"line":31,"column":null}},"1":{"start":{"line":32,"column":0},"end":{"line":32,"column":null}},"2":{"start":{"line":38,"column":30},"end":{"line":50,"column":null}},"3":{"start":{"line":52,"column":20},"end":{"line":53,"column":null}},"4":{"start":{"line":53,"column":2},"end":{"line":53,"column":null}},"5":{"start":{"line":61,"column":2},"end":{"line":63,"column":null}},"6":{"start":{"line":62,"column":4},"end":{"line":62,"column":null}},"7":{"start":{"line":65,"column":2},"end":{"line":65,"column":null}},"8":{"start":{"line":74,"column":2},"end":{"line":76,"column":null}},"9":{"start":{"line":75,"column":4},"end":{"line":75,"column":null}},"10":{"start":{"line":78,"column":2},"end":{"line":78,"column":null}},"11":{"start":{"line":87,"column":2},"end":{"line":89,"column":null}},"12":{"start":{"line":88,"column":4},"end":{"line":88,"column":null}},"13":{"start":{"line":91,"column":2},"end":{"line":91,"column":null}}},"fnMap":{"0":{"name":"(anonymous_0)","decl":{"start":{"line":52,"column":20},"end":{"line":52,"column":21}},"loc":{"start":{"line":53,"column":2},"end":{"line":53,"column":null}},"line":53},"1":{"name":"fDateTime","decl":{"start":{"line":60,"column":16},"end":{"line":60,"column":26}},"loc":{"start":{"line":60,"column":67},"end":{"line":66,"column":null}},"line":60},"2":{"name":"fDate","decl":{"start":{"line":73,"column":16},"end":{"line":73,"column":22}},"loc":{"start":{"line":73,"column":63},"end":{"line":79,"column":null}},"line":73},"3":{"name":"fToNow","decl":{"start":{"line":86,"column":16},"end":{"line":86,"column":23}},"loc":{"start":{"line":86,"column":45},"end":{"line":92,"column":null}},"line":86}},"branchMap":{"0":{"loc":{"start":{"line":53,"column":2},"end":{"line":53,"column":null}},"type":"binary-expr","locations":[{"start":{"line":53,"column":2},"end":{"line":53,"column":19}},{"start":{"line":53,"column":19},"end":{"line":53,"column":41}},{"start":{"line":53,"column":28},"end":{"line":53,"column":null}}],"line":53},"1":{"loc":{"start":{"line":61,"column":2},"end":{"line":63,"column":null}},"type":"if","locations":[{"start":{"line":61,"column":2},"end":{"line":63,"column":null}},{"start":{},"end":{}}],"line":61},"2":{"loc":{"start":{"line":65,"column":28},"end":{"line":65,"column":63}},"type":"binary-expr","locations":[{"start":{"line":65,"column":28},"end":{"line":65,"column":40}},{"start":{"line":65,"column":40},"end":{"line":65,"column":63}}],"line":65},"3":{"loc":{"start":{"line":74,"column":2},"end":{"line":76,"column":null}},"type":"if","locations":[{"start":{"line":74,"column":2},"end":{"line":76,"column":null}},{"start":{},"end":{}}],"line":74},"4":{"loc":{"start":{"line":78,"column":28},"end":{"line":78,"column":59}},"type":"binary-expr","locations":[{"start":{"line":78,"column":28},"end":{"line":78,"column":40}},{"start":{"line":78,"column":40},"end":{"line":78,"column":59}}],"line":78},"5":{"loc":{"start":{"line":87,"column":2},"end":{"line":89,"column":null}},"type":"if","locations":[{"start":{"line":87,"column":2},"end":{"line":89,"column":null}},{"start":{},"end":{}}],"line":87}},"s":{"0":1,"1":1,"2":1,"3":1,"4":20,"5":7,"6":3,"7":4,"8":7,"9":3,"10":4,"11":6,"12":3,"13":3},"f":{"0":20,"1":7,"2":7,"3":6},"b":{"0":[20,17,14],"1":[3,4],"2":[4,3],"3":[3,4],"4":[4,3],"5":[3,3]},"meta":{"lastBranch":6,"lastFunction":4,"lastStatement":14,"seen":{"s:31:0:31:Infinity":0,"s:32:0:32:Infinity":1,"s:38:30:50:Infinity":2,"s:52:20:53:Infinity":3,"f:52:20:52:21":0,"s:53:2:53:Infinity":4,"b:53:2:53:19:53:19:53:41:53:28:53:Infinity":0,"f:60:16:60:26":1,"b:61:2:63:Infinity:undefined:undefined:undefined:undefined":1,"s:61:2:63:Infinity":5,"s:62:4:62:Infinity":6,"s:65:2:65:Infinity":7,"b:65:28:65:40:65:40:65:63":2,"f:73:16:73:22":2,"b:74:2:76:Infinity:undefined:undefined:undefined:undefined":3,"s:74:2:76:Infinity":8,"s:75:4:75:Infinity":9,"s:78:2:78:Infinity":10,"b:78:28:78:40:78:40:78:59":4,"f:86:16:86:23":3,"b:87:2:89:Infinity:undefined:undefined:undefined:undefined":5,"s:87:2:89:Infinity":11,"s:88:4:88:Infinity":12,"s:91:2:91:Infinity":13}}}
,"/home/runner/work/ale-track-app/ale-track-app/src/utils/map-address-to-string.ts": {"path":"/home/runner/work/ale-track-app/ale-track-app/src/utils/map-address-to-string.ts","statementMap":{"0":{"start":{"line":7,"column":16},"end":{"line":11,"column":null}},"1":{"start":{"line":13,"column":2},"end":{"line":13,"column":null}},"2":{"start":{"line":16,"column":45},"end":{"line":19,"column":null}}},"fnMap":{"0":{"name":"addressToString","decl":{"start":{"line":5,"column":16},"end":{"line":5,"column":32}},"loc":{"start":{"line":5,"column":52},"end":{"line":14,"column":null}},"line":5}},"branchMap":{},"s":{"0":7,"1":7,"2":1},"f":{"0":7},"b":{},"meta":{"lastBranch":0,"lastFunction":1,"lastStatement":3,"seen":{"f:5:16:5:32":0,"s:7:16:11:Infinity":0,"s:13:2:13:Infinity":1,"s:16:45:19:Infinity":2}}}
,"/home/runner/work/ale-track-app/ale-track-app/src/utils/sort-daysof-week.ts": {"path":"/home/runner/work/ale-track-app/ale-track-app/src/utils/sort-daysof-week.ts","statementMap":{"0":{"start":{"line":4,"column":4},"end":{"line":9,"column":null}},"1":{"start":{"line":6,"column":23},"end":{"line":6,"column":null}},"2":{"start":{"line":7,"column":23},"end":{"line":7,"column":null}},"3":{"start":{"line":8,"column":8},"end":{"line":8,"column":null}}},"fnMap":{"0":{"name":"sortDaysOfWeek","decl":{"start":{"line":3,"column":16},"end":{"line":3,"column":31}},"loc":{"start":{"line":3,"column":48},"end":{"line":10,"column":null}},"line":3},"1":{"name":"(anonymous_1)","decl":{"start":{"line":4,"column":26},"end":{"line":4,"column":27}},"loc":{"start":{"line":4,"column":30},"end":{"line":9,"column":null}},"line":4}},"branchMap":{},"s":{"0":9,"1":32,"2":32,"3":32},"f":{"0":9,"1":32},"b":{},"meta":{"lastBranch":0,"lastFunction":2,"lastStatement":4,"seen":{"f:3:16:3:31":0,"s:4:4:9:Infinity":0,"f:4:26:4:27":1,"s:6:23:6:Infinity":1,"s:7:23:7:Infinity":2,"s:8:8:8:Infinity":3}}}
,"/home/runner/work/ale-track-app/ale-track-app/src/utils/validate-address.ts": {"path":"/home/runner/work/ale-track-app/ale-track-app/src/utils/validate-address.ts","statementMap":{"0":{"start":{"line":6,"column":53},"end":{"line":6,"column":null}},"1":{"start":{"line":7,"column":4},"end":{"line":7,"column":null}},"2":{"start":{"line":7,"column":18},"end":{"line":7,"column":null}},"3":{"start":{"line":9,"column":61},"end":{"line":9,"column":null}},"4":{"start":{"line":11,"column":4},"end":{"line":11,"column":null}},"5":{"start":{"line":11,"column":21},"end":{"line":11,"column":null}},"6":{"start":{"line":12,"column":4},"end":{"line":12,"column":null}},"7":{"start":{"line":12,"column":23},"end":{"line":12,"column":null}},"8":{"start":{"line":13,"column":4},"end":{"line":13,"column":null}},"9":{"start":{"line":13,"column":15},"end":{"line":13,"column":null}},"10":{"start":{"line":14,"column":4},"end":{"line":14,"column":null}},"11":{"start":{"line":14,"column":14},"end":{"line":14,"column":null}},"12":{"start":{"line":15,"column":4},"end":{"line":15,"column":null}},"13":{"start":{"line":15,"column":18},"end":{"line":15,"column":null}},"14":{"start":{"line":17,"column":4},"end":{"line":17,"column":null}}},"fnMap":{"0":{"name":"validateAddress","decl":{"start":{"line":5,"column":16},"end":{"line":5,"column":32}},"loc":{"start":{"line":5,"column":63},"end":{"line":18,"column":null}},"line":5}},"branchMap":{"0":{"loc":{"start":{"line":7,"column":4},"end":{"line":7,"column":null}},"type":"if","locations":[{"start":{"line":7,"column":4},"end":{"line":7,"column":null}},{"start":{},"end":{}}],"line":7},"1":{"loc":{"start":{"line":11,"column":4},"end":{"line":11,"column":null}},"type":"if","locations":[{"start":{"line":11,"column":4},"end":{"line":11,"column":null}},{"start":{},"end":{}}],"line":11},"2":{"loc":{"start":{"line":12,"column":4},"end":{"line":12,"column":null}},"type":"if","locations":[{"start":{"line":12,"column":4},"end":{"line":12,"column":null}},{"start":{},"end":{}}],"line":12},"3":{"loc":{"start":{"line":13,"column":4},"end":{"line":13,"column":null}},"type":"if","locations":[{"start":{"line":13,"column":4},"end":{"line":13,"column":null}},{"start":{},"end":{}}],"line":13},"4":{"loc":{"start":{"line":14,"column":4},"end":{"line":14,"column":null}},"type":"if","locations":[{"start":{"line":14,"column":4},"end":{"line":14,"column":null}},{"start":{},"end":{}}],"line":14},"5":{"loc":{"start":{"line":15,"column":4},"end":{"line":15,"column":null}},"type":"if","locations":[{"start":{"line":15,"column":4},"end":{"line":15,"column":null}},{"start":{},"end":{}}],"line":15}},"s":{"0":9,"1":9,"2":1,"3":8,"4":8,"5":3,"6":8,"7":8,"8":8,"9":8,"10":8,"11":8,"12":8,"13":8,"14":8},"f":{"0":9},"b":{"0":[1,8],"1":[3,5],"2":[3,5],"3":[2,6],"4":[2,6],"5":[6,2]},"meta":{"lastBranch":6,"lastFunction":1,"lastStatement":15,"seen":{"f:5:16:5:32":0,"s:6:53:6:Infinity":0,"b:7:4:7:Infinity:undefined:undefined:undefined:undefined":0,"s:7:4:7:Infinity":1,"s:7:18:7:Infinity":2,"s:9:61:9:Infinity":3,"b:11:4:11:Infinity:undefined:undefined:undefined:undefined":1,"s:11:4:11:Infinity":4,"s:11:21:11:Infinity":5,"b:12:4:12:Infinity:undefined:undefined:undefined:undefined":2,"s:12:4:12:Infinity":6,"s:12:23:12:Infinity":7,"b:13:4:13:Infinity:undefined:undefined:undefined:undefined":3,"s:13:4:13:Infinity":8,"s:13:15:13:Infinity":9,"b:14:4:14:Infinity:undefined:undefined:undefined:undefined":4,"s:14:4:14:Infinity":10,"s:14:14:14:Infinity":11,"b:15:4:15:Infinity:undefined:undefined:undefined:undefined":5,"s:15:4:15:Infinity":12,"s:15:18:15:Infinity":13,"s:17:4:17:Infinity":14}}}
,"/home/runner/work/ale-track-app/ale-track-app/src/utils/validate-contacts.ts": {"path":"/home/runner/work/ale-track-app/ale-track-app/src/utils/validate-contacts.ts","statementMap":{"0":{"start":{"line":11,"column":54},"end":{"line":11,"column":null}},"1":{"start":{"line":12,"column":20},"end":{"line":12,"column":null}},"2":{"start":{"line":14,"column":4},"end":{"line":16,"column":null}},"3":{"start":{"line":15,"column":8},"end":{"line":15,"column":null}},"4":{"start":{"line":18,"column":4},"end":{"line":33,"column":null}},"5":{"start":{"line":19,"column":67},"end":{"line":19,"column":null}},"6":{"start":{"line":21,"column":8},"end":{"line":24,"column":null}},"7":{"start":{"line":22,"column":12},"end":{"line":22,"column":null}},"8":{"start":{"line":23,"column":12},"end":{"line":23,"column":null}},"9":{"start":{"line":25,"column":8},"end":{"line":28,"column":null}},"10":{"start":{"line":26,"column":12},"end":{"line":26,"column":null}},"11":{"start":{"line":27,"column":12},"end":{"line":27,"column":null}},"12":{"start":{"line":30,"column":8},"end":{"line":32,"column":null}},"13":{"start":{"line":31,"column":12},"end":{"line":31,"column":null}},"14":{"start":{"line":35,"column":4},"end":{"line":35,"column":null}}},"fnMap":{"0":{"name":"validateContacts","decl":{"start":{"line":7,"column":16},"end":{"line":7,"column":33}},"loc":{"start":{"line":7,"column":67},"end":{"line":36,"column":null}},"line":7},"1":{"name":"(anonymous_1)","decl":{"start":{"line":18,"column":21},"end":{"line":18,"column":22}},"loc":{"start":{"line":18,"column":31},"end":{"line":33,"column":null}},"line":18}},"branchMap":{"0":{"loc":{"start":{"line":14,"column":4},"end":{"line":16,"column":null}},"type":"if","locations":[{"start":{"line":14,"column":4},"end":{"line":16,"column":null}},{"start":{},"end":{}}],"line":14},"1":{"loc":{"start":{"line":14,"column":8},"end":{"line":14,"column":44}},"type":"binary-expr","locations":[{"start":{"line":14,"column":8},"end":{"line":14,"column":21}},{"start":{"line":14,"column":21},"end":{"line":14,"column":44}}],"line":14},"2":{"loc":{"start":{"line":21,"column":8},"end":{"line":24,"column":null}},"type":"if","locations":[{"start":{"line":21,"column":8},"end":{"line":24,"column":null}},{"start":{},"end":{}}],"line":21},"3":{"loc":{"start":{"line":21,"column":12},"end":{"line":21,"column":65}},"type":"binary-expr","locations":[{"start":{"line":21,"column":12},"end":{"line":21,"column":42}},{"start":{"line":21,"column":42},"end":{"line":21,"column":65}}],"line":21},"4":{"loc":{"start":{"line":25,"column":8},"end":{"line":28,"column":null}},"type":"if","locations":[{"start":{"line":25,"column":8},"end":{"line":28,"column":null}},{"start":{},"end":{}}],"line":25},"5":{"loc":{"start":{"line":25,"column":12},"end":{"line":25,"column":59}},"type":"binary-expr","locations":[{"start":{"line":25,"column":12},"end":{"line":25,"column":26}},{"start":{"line":25,"column":30},"end":{"line":25,"column":59}}],"line":25},"6":{"loc":{"start":{"line":30,"column":8},"end":{"line":32,"column":null}},"type":"if","locations":[{"start":{"line":30,"column":8},"end":{"line":32,"column":null}},{"start":{},"end":{}}],"line":30},"7":{"loc":{"start":{"line":30,"column":12},"end":{"line":30,"column":53}},"type":"binary-expr","locations":[{"start":{"line":30,"column":12},"end":{"line":30,"column":30}},{"start":{"line":30,"column":34},"end":{"line":30,"column":53}}],"line":30}},"s":{"0":11,"1":11,"2":11,"3":2,"4":9,"5":15,"6":15,"7":5,"8":5,"9":15,"10":7,"11":7,"12":15,"13":10,"14":9},"f":{"0":11,"1":15},"b":{"0":[2,9],"1":[11,10],"2":[5,10],"3":[15,11],"4":[7,8],"5":[15,9],"6":[10,5],"7":[15,10]},"meta":{"lastBranch":8,"lastFunction":2,"lastStatement":15,"seen":{"f:7:16:7:33":0,"s:11:54:11:Infinity":0,"s:12:20:12:Infinity":1,"b:14:4:16:Infinity:undefined:undefined:undefined:undefined":0,"s:14:4:16:Infinity":2,"b:14:8:14:21:14:21:14:44":1,"s:15:8:15:Infinity":3,"s:18:4:33:Infinity":4,"f:18:21:18:22":1,"s:19:67:19:Infinity":5,"b:21:8:24:Infinity:undefined:undefined:undefined:undefined":2,"s:21:8:24:Infinity":6,"b:21:12:21:42:21:42:21:65":3,"s:22:12:22:Infinity":7,"s:23:12:23:Infinity":8,"b:25:8:28:Infinity:undefined:undefined:undefined:undefined":4,"s:25:8:28:Infinity":9,"b:25:12:25:26:25:30:25:59":5,"s:26:12:26:Infinity":10,"s:27:12:27:Infinity":11,"b:30:8:32:Infinity:undefined:undefined:undefined:undefined":6,"s:30:8:32:Infinity":12,"b:30:12:30:30:30:34:30:53":7,"s:31:12:31:Infinity":13,"s:35:4:35:Infinity":14}}}
}
