TN:
SF:src/hooks/use-local-storage.ts
FN:6,useLocalStorage
FN:11,(anonymous_1)
FN:23,(anonymous_2)
FNF:3
FNH:3
FNDA:22,useLocalStorage
FNDA:14,(anonymous_1)
FNDA:8,(anonymous_2)
DA:11,22
DA:12,14
DA:13,14
DA:14,14
DA:16,1
DA:17,1
DA:22,22
DA:24,8
DA:26,8
DA:29,8
DA:32,8
DA:34,1
DA:40,22
LF:13
LH:13
BRDA:14,0,0,6
BRDA:14,0,1,8
BRDA:26,1,0,1
BRDA:26,1,1,7
BRF:4
BRH:4
end_of_record
TN:
SF:src/utils/format-enum-value.ts
FN:1,mapEnumValue
FN:10,mapEnumFromString
FNF:2
FNH:2
FNDA:13,mapEnumValue
FNDA:6,mapEnumFromString
DA:2,13
DA:3,11
DA:4,7
DA:5,1
DA:6,1
DA:7,1
DA:11,6
DA:12,5
DA:13,4
DA:15,1
LF:10
LH:10
BRDA:2,0,0,2
BRDA:2,0,1,11
BRDA:3,1,0,4
BRDA:3,1,1,7
BRDA:4,2,0,6
BRDA:4,2,1,1
BRDA:4,3,0,7
BRDA:4,3,1,7
BRDA:6,4,0,0
BRDA:6,4,1,1
BRDA:6,5,0,1
BRDA:6,5,1,0
BRDA:11,6,0,1
BRDA:11,6,1,5
BRDA:12,7,0,4
BRDA:12,7,1,1
BRF:16
BRH:14
end_of_record
TN:
SF:src/utils/format-number.ts
FN:12,processInput
FN:19,fNumber
FN:36,fCurrency
FN:55,fPercent
FN:73,fShortenNumber
FN:85,(anonymous_5)
FNF:6
FNH:6
FNDA:38,processInput
FNDA:8,fNumber
FNDA:7,fCurrency
FNDA:9,fPercent
FNDA:14,fShortenNumber
FNDA:9,(anonymous_5)
DA:10,1
DA:13,38
DA:14,29
DA:20,8
DA:22,8
DA:23,8
DA:25,5
DA:31,5
DA:37,7
DA:39,7
DA:40,7
DA:42,5
DA:50,5
DA:56,9
DA:58,9
DA:59,9
DA:61,7
DA:68,7
DA:74,14
DA:76,14
DA:77,14
DA:79,12
DA:85,12
LF:23
LH:23
BRDA:13,0,0,9
BRDA:13,0,1,29
BRDA:13,1,0,38
BRDA:13,1,1,30
BRDA:23,2,0,3
BRDA:23,2,1,5
BRDA:40,3,0,2
BRDA:40,3,1,5
BRDA:59,4,0,2
BRDA:59,4,1,7
BRDA:77,5,0,2
BRDA:77,5,1,12
BRF:12
BRH:12
end_of_record
TN:
SF:src/utils/format-time.ts
FN:52,(anonymous_0)
FN:60,fDateTime
FN:73,fDate
FN:86,fToNow
FNF:4
FNH:4
FNDA:20,(anonymous_0)
FNDA:7,fDateTime
FNDA:7,fDate
FNDA:6,fToNow
DA:31,1
DA:32,1
DA:38,1
DA:52,1
DA:53,20
DA:61,7
DA:62,3
DA:65,4
DA:74,7
DA:75,3
DA:78,4
DA:87,6
DA:88,3
DA:91,3
LF:14
LH:14
BRDA:53,0,0,20
BRDA:53,0,1,17
BRDA:53,0,2,14
BRDA:61,1,0,3
BRDA:61,1,1,4
BRDA:65,2,0,4
BRDA:65,2,1,3
BRDA:74,3,0,3
BRDA:74,3,1,4
BRDA:78,4,0,4
BRDA:78,4,1,3
BRDA:87,5,0,3
BRDA:87,5,1,3
BRF:13
BRH:13
end_of_record
TN:
SF:src/utils/map-address-to-string.ts
FN:5,addressToString
FNF:1
FNH:1
FNDA:7,addressToString
DA:7,7
DA:13,7
DA:16,1
LF:3
LH:3
BRF:0
BRH:0
end_of_record
TN:
SF:src/utils/sort-daysof-week.ts
FN:3,sortDaysOfWeek
FN:4,(anonymous_1)
FNF:2
FNH:2
FNDA:9,sortDaysOfWeek
FNDA:32,(anonymous_1)
DA:4,9
DA:6,32
DA:7,32
DA:8,32
LF:4
LH:4
BRF:0
BRH:0
end_of_record
TN:
SF:src/utils/validate-address.ts
FN:5,validateAddress
FNF:1
FNH:1
FNDA:9,validateAddress
DA:6,9
DA:7,9
DA:9,8
DA:11,8
DA:12,8
DA:13,8
DA:14,8
DA:15,8
DA:17,8
LF:9
LH:9
BRDA:7,0,0,1
BRDA:7,0,1,8
BRDA:11,1,0,3
BRDA:11,1,1,5
BRDA:12,2,0,3
BRDA:12,2,1,5
BRDA:13,3,0,2
BRDA:13,3,1,6
BRDA:14,4,0,2
BRDA:14,4,1,6
BRDA:15,5,0,6
BRDA:15,5,1,2
BRF:12
BRH:12
end_of_record
TN:
SF:src/utils/validate-contacts.ts
FN:7,validateContacts
FN:18,(anonymous_1)
FNF:2
FNH:2
FNDA:11,validateContacts
FNDA:15,(anonymous_1)
DA:11,11
DA:12,11
DA:14,11
DA:15,2
DA:18,9
DA:19,15
DA:21,15
DA:22,5
DA:23,5
DA:25,15
DA:26,7
DA:27,7
DA:30,15
DA:31,10
DA:35,9
LF:15
LH:15
BRDA:14,0,0,2
BRDA:14,0,1,9
BRDA:14,1,0,11
BRDA:14,1,1,10
BRDA:21,2,0,5
BRDA:21,2,1,10
BRDA:21,3,0,15
BRDA:21,3,1,11
BRDA:25,4,0,7
BRDA:25,4,1,8
BRDA:25,5,0,15
BRDA:25,5,1,9
BRDA:30,6,0,10
BRDA:30,6,1,5
BRDA:30,7,0,15
BRDA:30,7,1,10
BRF:16
BRH:16
end_of_record
